Model loaded: /home/semyon/.local/affine/mnist/mnist-model.zip

============================== Before weight and data transformation ==============================

------------------------------ First hiden layer weights ------------------------------
5.7705078397325956E-39 4.703835244793152E-39 -8.87386489726088E-38 -6.339193992912607E-41 5.253545014169277E-39 1.5848125112127951E-40 3.264153814232014E-39 ...
1.6218250075510065E-39 5.218488730487263E-39 5.335082367912945E-39 -1.9093742550273876E-39 3.201489148205872E-39 6.238678854066588E-38 -6.376859494335194E-39 ...
-1.4172003992979751E-39 -4.3820831043995306E-39 -6.025940447445423E-38 -6.51858822231547E-39 6.97999544922186E-38 2.940001249569004E-39 -3.0647378323708777E-40 ...
-1.0089012631507245E-39 1.8192133105342646E-39 -3.409684264946003E-39 6.607129265783834E-39 -1.697027090937462E-39 -3.546561697642787E-39 1.2848351476563172E-39 ...
7.594393079346919E-38 9.727111048033175E-38 5.365053339467924E-40 4.1890158453608646E-38 9.819183083371944E-38 -1.5450885023461152E-37 4.220814670632709E-39 ...
8.712990228362533E-38 4.936024514878224E-38 4.658123487588412E-39 4.833814925929143E-38 4.01147329174876E-39 1.0827679091006786E-39 5.156722296776754E-40 ...
6.554397003272827E-39 5.1178811059425985E-39 5.3692950699194356E-39 6.684111838999061E-38 -3.012371308759059E-39 -5.437351932436299E-39 1.1696147827256734E-39 ...
...

------------------------------ Neuron activations ------------------------------
0.0 0.0 0.0 0.0 0.0 0.0 0.0 0.0 0.0 0.0 0.0 0.0 0.0 0.0 0.0 0.0 0.0 0.0 0.0 0.0 0.0 0.0 0.0 0.0 0.0 0.0 0.0 0.0 0.0 0.0 0.0 0.0 0.0 0.0 0.0 0.0 0.0 0.0 0.0 0.0 0.0 0.0
0.0 0.0 0.0 0.0 0.0 0.0 0.0 0.0 0.0 0.0 0.0 0.0 0.0 0.0 0.0 0.0 0.0 0.0 0.0 0.0 0.0 0.0 0.0 0.0 0.0 0.0 0.0 0.0 0.0 0.0 0.0 0.0 0.0 0.0 0.0 0.0 0.0 0.0 0.0 0.0 0.0 0.0
0.0 0.0 0.0 0.0 0.0 0.0 0.0 0.0 0.0 0.0 0.0 0.0 0.0 0.0 0.0 0.0 0.0 0.0 0.0 0.0 0.0 0.0 0.0 0.0 0.0 0.0 0.0 0.0 0.0 0.0 0.0 0.0 0.0 0.0 0.0 0.0 0.0 0.0 0.0 0.0 0.0 0.0
0.0 0.0 0.0 0.0 0.0 0.0 0.0 0.0 0.0 0.0 0.0 0.0 0.0 0.0 0.0 0.0 0.0 0.0 0.0 0.0 0.0 0.0 0.0 0.0 0.0 0.0 0.0 0.0 0.0 0.0 0.0 0.0 0.0 0.0 0.0 0.0 0.0 0.0 0.0 0.0 0.0 0.0
0.0 0.0 0.0 0.0 0.0 0.0 0.0 0.0 0.0 109.0 183.0 183.0 183.0 231.0 254.0 254.0 255.0 254.0 254.0 254.0 254.0 204.0 183.0 115.0 0.0 0.0 0.0 0.0 0.0 0.0 0.0 0.0 0.0 0.0
0.0 0.0 160.0 250.0 254.0 254.0 254.0 254.0 254.0 254.0 254.0 254.0 254.0 254.0 254.0 254.0 254.0 244.0 117.0 0.0 0.0 0.0 0.0 0.0 0.0 0.0 0.0 0.0 0.0 0.0 163.0 254.0
254.0 254.0 254.0 254.0 254.0 254.0 254.0 254.0 254.0 254.0 254.0 254.0 254.0 249.0 140.0 0.0 0.0 0.0 0.0 0.0 0.0 0.0 0.0 0.0 0.0 0.0 232.0 254.0 254.0 246.0 214.0 159.0
109.0 109.0 109.0 109.0 109.0 109.0 198.0 214.0 214.0 155.0 0.0 0.0 0.0 0.0 0.0 0.0 0.0 0.0 0.0 0.0 0.0 156.0 251.0 254.0 229.0 113.0 0.0 0.0 0.0 0.0 0.0 0.0 0.0 0.0 0.0
0.0 0.0 0.0 0.0 0.0 0.0 0.0 0.0 0.0 0.0 0.0 0.0 0.0 0.0 173.0 254.0 254.0 246.0 159.0 73.0 0.0 0.0 0.0 0.0 0.0 0.0 0.0 0.0 0.0 0.0 0.0 0.0 0.0 0.0 0.0 0.0 0.0 0.0 0.0
0.0 0.0 0.0 228.0 254.0 254.0 254.0 254.0 228.0 215.0 215.0 170.0 83.0 0.0 0.0 0.0 0.0 0.0 0.0 0.0 0.0 0.0 0.0 0.0 0.0 0.0 0.0 0.0 0.0 0.0 0.0 205.0 254.0 254.0 254.0
254.0 254.0 254.0 254.0 254.0 234.0 102.0 28.0 0.0 0.0 0.0 0.0 0.0 0.0 0.0 0.0 0.0 0.0 0.0 0.0 0.0 0.0 0.0 0.0 117.0 204.0 247.0 252.0 254.0 254.0 254.0 254.0 254.0
254.0 254.0 175.0 28.0 0.0 0.0 0.0 0.0 0.0 0.0 0.0 0.0 0.0 0.0 0.0 0.0 0.0 0.0 0.0 0.0 0.0 0.0 164.0 182.0 234.0 212.0 227.0 254.0 254.0 254.0 254.0 175.0 0.0 0.0 0.0
0.0 0.0 0.0 0.0 0.0 0.0 0.0 0.0 0.0 0.0 0.0 0.0 0.0 0.0 0.0 0.0 0.0 0.0 0.0 0.0 0.0 224.0 254.0 254.0 254.0 126.0 0.0 0.0 0.0 0.0 0.0 0.0 0.0 0.0 0.0 0.0 0.0 0.0 0.0
0.0 0.0 0.0 0.0 0.0 0.0 0.0 0.0 0.0 0.0 42.0 248.0 254.0 254.0 175.0 0.0 0.0 0.0 0.0 0.0 0.0 0.0 0.0 0.0 0.0 0.0 0.0 0.0 0.0 0.0 0.0 0.0 0.0 0.0 0.0 0.0 0.0 0.0 0.0
183.0 254.0 254.0 251.0 132.0 0.0 0.0 0.0 0.0 0.0 0.0 0.0 0.0 0.0 0.0 0.0 0.0 0.0 0.0 0.0 0.0 0.0 0.0 0.0 0.0 0.0 0.0 0.0 173.0 254.0 254.0 244.0 117.0 0.0 0.0 0.0 0.0
0.0 0.0 0.0 0.0 0.0 0.0 0.0 0.0 0.0 0.0 0.0 0.0 0.0 0.0 0.0 0.0 0.0 0.0 0.0 197.0 254.0 254.0 221.0 0.0 0.0 0.0 0.0 0.0 0.0 0.0 0.0 0.0 0.0 0.0 0.0 0.0 0.0 124.0 127.0
53.0 0.0 0.0 0.0 0.0 0.0 95.0 222.0 252.0 254.0 254.0 206.0 0.0 0.0 0.0 0.0 0.0 0.0 0.0 0.0 0.0 0.0 0.0 0.0 0.0 0.0 248.0 254.0 197.0 112.0 112.0 112.0 128.0 215.0
237.0 254.0 254.0 254.0 216.0 73.0 0.0 0.0 0.0 0.0 0.0 0.0 0.0 0.0 0.0 0.0 0.0 0.0 0.0 0.0 242.0 254.0 254.0 254.0 254.0 254.0 254.0 254.0 254.0 254.0 254.0 243.0 104.0
0.0 0.0 0.0 0.0 0.0 0.0 0.0 0.0 0.0 0.0 0.0 0.0 0.0 0.0 0.0 170.0 250.0 254.0 254.0 254.0 254.0 254.0 254.0 254.0 248.0 220.0 59.0 0.0 0.0 0.0 0.0 0.0 0.0 0.0 0.0 0.0
0.0 0.0 0.0 0.0 0.0 0.0 0.0 0.0 117.0 182.0 182.0 238.0 254.0 247.0 182.0 182.0 0.0 0.0 0.0 0.0 0.0 0.0 0.0 0.0 0.0 0.0 0.0 0.0 0.0 0.0 0.0 0.0 0.0 0.0 0.0 0.0 0.0 0.0
0.0 0.0 0.0 0.0 0.0 0.0 0.0 0.0 0.0 0.0 0.0 0.0 0.0 0.0 0.0 0.0 0.0 0.0 0.0 0.0 0.0 0.0 0.0 0.0 0.0 0.0 0.0 0.0 0.0 0.0 0.0 0.0 0.0 0.0 0.0 0.0 0.0 0.0 0.0 0.0 0.0 0.0
0.0 0.0 0.0 0.0 

305.595947265625 85.05939483642578 2086.878662109375 58.38123321533203 1232.9490966796875 927.2637939453125 0.0 111.88948822021484 1411.4512939453125 240.5250701904297
0.0 0.0 336.9051513671875 0.0 651.8197021484375 7.783642292022705 1479.6248779296875 1869.1375732421875 0.0 357.71014404296875 0.0 376.5085144042969 0.0 0.0
470.6658020019531 201.2181854248047 0.0 24.276018142700195 437.0167541503906 0.0 1007.762939453125 1177.138427734375 0.0 375.7987060546875 0.0 39.212432861328125
805.00390625 0.0 0.0 16.271364212036133 0.0 0.0 0.0 146.86793518066406 766.3307495117188 0.0 0.0 0.0 123.1524887084961 0.0 216.12815856933594 984.3834838867188 0.0
1672.56396484375 0.0 242.97572326660156 898.0925903320312 0.0 441.5246276855469 0.0 0.0 0.0 0.0 0.0 

2816.1044921875 2260.4970703125 1344.8408203125 0.0 3821.31005859375 2592.99365234375 1688.0316162109375 1256.0167236328125 0.0 0.0 0.0 1668.406494140625 0.0 0.0 0.0
109.88616180419922 1910.48876953125 1873.262451171875 48.326759338378906 2101.56396484375 2213.90478515625 296.0939636230469 1189.635986328125 892.2428588867188
823.9458618164062 883.8606567382812 0.0 2178.295166015625 0.0 614.9521484375 0.0 1320.792236328125 

3286.521484375 5783.7294921875 1948.4171142578125 990.069580078125 3768.844970703125 7712.86962890625 1041.257568359375 0.0 2022.7188720703125 0.0 3245.442626953125
0.0 0.0 0.0 0.0 4474.77685546875 

0.0 0.0 0.0 0.0 0.0 1.0 0.0 0.0 0.0 0.0 


------------------------------Prediction:------------------------------
Predicted digit: 5
Confidence: 1.0
All probabilities:
  0: 0.0
  1: 0.0
  2: 0.0
  3: 0.0
  4: 0.0
  5: 1.0
  6: 0.0
  7: 0.0
  8: 0.0
  9: 0.0



============================== After weight and data transformation ==============================

------------------------------ First hiden layer weights ------------------------------
4.629730645018256E-39 2.8519429867858492E-39 -8.87386489726088E-38 -6.339193992912607E-41 6.178752992524721E-39 -2.313019945888609E-39 3.264153814232014E-39 ...
-5.542505769570224E-40 5.4401889612700726E-39 5.335082367912945E-39 -1.9093742550273876E-39 -2.5896697938167244E-38 7.274546771593278E-38 -6.376859494335194E-39 ...
3.9956290769266345E-40 -4.541908267476596E-39 -6.025940447445423E-38 -6.51858822231547E-39 8.1695183324275E-38 -2.9738072080141E-38 -3.0647378323708777E-40 ...
-2.0673649849576552E-39 2.6461593045173268E-39 -3.409684264946003E-39 6.607129265783834E-39 -3.31431442714699E-40 -3.4139891205569074E-39 1.2848351476563172E-39 ...
4.4089865001591063E-38 7.963516447969532E-38 5.365053339467924E-40 4.1890158453608646E-38 1.904706796756715E-37 -2.306971221048801E-37 4.220814670632709E-39 ...
8.022119550489575E-38 1.7271766946823935E-38 4.658123487588412E-39 4.833814925929143E-38 4.25995967631963E-39 -6.212159614271734E-40 5.156722296776754E-40 ...
5.3657673343997463E-39 2.9715741721826995E-39 5.3692950699194356E-39 6.684111838999061E-38 -9.969411140292136E-40 -5.0385754868246126E-39 1.1696147827256734E-39 ...
...

------------------------------Neuron activations:------------------------------
0.0 0.0 0.0 0.0 0.0 0.0 0.0 0.0 0.0 0.0 0.0 0.0 0.0 0.0 0.0 0.0 0.0 0.0 0.0 0.0 0.0 0.0 0.0 0.0 0.0 0.0 0.0 0.0 0.0 0.0 0.0 0.0 0.0 0.0 0.0 0.0 0.0 0.0 0.0 0.0 0.0 0.0
0.0 0.0 0.0 0.0 0.0 0.0 0.0 0.0 0.0 0.0 0.0 0.0 0.0 0.0 0.0 0.0 0.0 0.0 0.0 0.0 0.0 0.0 0.0 0.0 0.0 0.0 0.0 0.0 0.0 0.0 0.0 0.0 0.0 0.0 0.0 0.0 0.0 0.0 0.0 0.0 0.0 0.0
0.0 0.0 0.0 0.0 0.0 0.0 0.0 0.0 0.0 0.0 0.0 0.0 0.0 0.0 0.0 0.0 0.0 0.0 0.0 0.0 0.0 0.0 0.0 0.0 0.0 0.0 0.0 0.0 0.0 0.0 0.0 0.0 0.0 0.0 0.0 0.0 0.0 0.0 0.0 0.0 0.0 0.0
0.0 0.0 0.0 0.0 0.0 0.0 0.0 0.0 0.0 0.0 0.0 0.0 0.0 0.0 0.0 0.0 0.0 0.0 0.0 0.0 0.0 0.0 0.0 0.0 0.0 0.0 0.0 0.0 0.0 0.0 0.0 0.0 0.0 0.0 0.0 0.0 0.0 0.0 0.0 0.0 0.0 0.0
0.0 0.0 0.0 0.0 0.0 0.0 0.0 0.0 43.6 109.0 183.0 183.0 275.4 304.2 254.0 254.0 356.6 356.0 254.0 254.0 335.6 305.6 183.0 115.0 0.0 0.0 0.0 0.0 0.0 0.0 0.0 0.0 0.0 0.0
0.0 0.0 260.0 314.0 254.0 254.0 355.6 355.6 254.0 254.0 355.6 355.6 254.0 254.0 355.6 355.6 254.0 244.0 117.0 46.800000000000004 0.0 0.0 0.0 0.0 0.0 0.0 0.0 0.0 0.0 0.0
264.6 319.2 254.0 254.0 355.6 355.6 254.0 254.0 355.6 355.6 254.0 254.0 355.6 355.6 254.0 249.0 140.0 56.0 0.0 0.0 0.0 0.0 0.0 0.0 0.0 0.0 0.0 0.0 333.6 346.8 254.0 246.0
277.6 244.60000000000002 109.0 109.0 152.6 152.6 109.0 109.0 283.6 293.2 214.0 155.0 0.0 0.0 0.0 0.0 0.0 0.0 0.0 0.0 0.0 0.0 0.0 156.0 352.6 354.4 229.0 113.0 0.0 0.0 0.0
0.0 0.0 0.0 0.0 0.0 0.0 0.0 0.0 0.0 0.0 0.0 0.0 0.0 0.0 0.0 0.0 0.0 0.0 0.0 0.0 173.0 355.6 355.6 246.0 159.0 73.0 29.200000000000003 0.0 0.0 0.0 0.0 0.0 0.0 0.0 0.0 0.0
0.0 0.0 0.0 0.0 0.0 0.0 0.0 0.0 0.0 0.0 0.0 0.0 228.0 355.6 355.6 254.0 254.0 314.0 306.2 215.0 170.0 83.0 33.2 0.0 0.0 0.0 0.0 0.0 0.0 0.0 0.0 0.0 0.0 0.0 0.0 0.0 0.0
0.0 0.0 0.0 205.0 355.6 355.6 254.0 254.0 355.6 355.6 254.0 254.0 274.8 195.60000000000002 28.0 0.0 0.0 0.0 0.0 0.0 0.0 0.0 0.0 0.0 0.0 0.0 0.0 0.0 0.0 0.0 0.0 117.0
302.8 328.6 252.0 254.0 355.6 355.6 254.0 254.0 355.6 355.6 175.0 28.0 0.0 0.0 0.0 0.0 0.0 0.0 0.0 0.0 0.0 0.0 0.0 0.0 0.0 0.0 0.0 0.0 0.0 0.0 164.0 182.0 318.8 305.6
227.0 254.0 355.6 355.6 254.0 175.0 0.0 0.0 0.0 0.0 0.0 0.0 0.0 0.0 0.0 0.0 0.0 0.0 0.0 0.0 0.0 0.0 0.0 0.0 0.0 0.0 0.0 0.0 0.0 0.0 325.6 343.6 254.0 254.0 126.0
50.400000000000006 0.0 0.0 0.0 0.0 0.0 0.0 0.0 0.0 0.0 0.0 0.0 0.0 0.0 0.0 0.0 0.0 0.0 0.0 0.0 0.0 0.0 0.0 141.2 264.8 254.0 254.0 175.0 70.0 0.0 0.0 0.0 0.0 0.0 0.0
0.0 0.0 0.0 0.0 0.0 0.0 0.0 0.0 0.0 0.0 0.0 0.0 0.0 0.0 0.0 0.0 73.2 183.0 254.0 254.0 303.8 232.4 0.0 0.0 0.0 0.0 0.0 0.0 0.0 0.0 0.0 0.0 0.0 0.0 0.0 0.0 0.0 0.0 0.0
0.0 0.0 0.0 0.0 0.0 69.2 173.0 254.0 254.0 290.8 214.60000000000002 0.0 0.0 0.0 0.0 0.0 0.0 0.0 0.0 0.0 0.0 0.0 0.0 0.0 0.0 0.0 0.0 0.0 0.0 0.0 0.0 0.0 0.0
78.80000000000001 197.0 254.0 254.0 221.0 88.4 0.0 0.0 0.0 0.0 0.0 0.0 0.0 0.0 0.0 0.0 0.0 0.0 0.0 124.0 148.2 103.80000000000001 0.0 0.0 0.0 0.0 0.0 95.0 322.8 340.8
254.0 254.0 206.0 82.4 0.0 0.0 0.0 0.0 0.0 0.0 0.0 0.0 0.0 0.0 0.0 0.0 0.0 248.0 332.8 298.6 112.0 112.0 163.2 172.8 215.0 237.0 355.6 355.6 254.0 216.0 73.0
29.200000000000003 0.0 0.0 0.0 0.0 0.0 0.0 0.0 0.0 0.0 0.0 0.0 0.0 0.0 242.0 355.6 355.6 254.0 254.0 355.6 355.6 254.0 254.0 355.6 355.6 243.0 104.0 0.0 0.0 0.0 0.0 0.0
0.0 0.0 0.0 0.0 0.0 0.0 0.0 0.0 0.0 0.0 170.0 351.6 354.0 254.0 254.0 355.6 355.6 254.0 254.0 336.0 319.2 59.0 0.0 0.0 0.0 0.0 0.0 0.0 0.0 0.0 0.0 0.0 0.0 0.0 0.0 0.0
0.0 0.0 0.0 189.8 228.8 182.0 238.0 352.8 348.6 182.0 182.0 0.0 0.0 0.0 0.0 0.0 0.0 0.0 0.0 0.0 0.0 0.0 0.0 0.0 0.0 0.0 0.0 0.0 0.0 0.0 0.0 0.0 0.0 0.0 0.0 0.0 0.0 0.0
0.0 0.0 0.0 0.0 0.0 0.0 0.0 0.0 0.0 0.0 0.0 0.0 0.0 0.0 0.0 0.0 0.0 0.0 0.0 0.0 0.0 0.0 0.0 0.0 0.0 0.0 0.0 0.0 0.0 0.0 0.0 0.0 0.0 0.0 0.0 0.0 0.0 0.0 0.0 0.0 0.0 

305.5959167480469 85.05937957763672 2086.878662109375 58.381263732910156 1232.9490966796875 927.2637939453125 0.0 111.88945007324219 1411.4512939453125 240.5251007080078
0.0 0.0 336.9051513671875 0.0 651.8197631835938 7.783695697784424 1479.6248779296875 1869.1375732421875 0.0 357.71014404296875 0.0 376.50848388671875 0.0 0.0
470.6658020019531 201.2181854248047 0.0 24.276063919067383 437.0167541503906 0.0 1007.762939453125 1177.138427734375 0.0 375.79876708984375 0.0 39.212432861328125
805.0040283203125 0.0 0.0 16.2713565826416 0.0 0.0 0.0 146.86793518066406 766.3307495117188 0.0 0.0 0.0 123.1524887084961 0.0 216.12814331054688 984.3833618164062
0.0 1672.56396484375 0.0 242.9757080078125 898.092529296875 0.0 441.524658203125 0.0 0.0 0.0 0.0 0.0 

2816.1044921875 2260.497314453125 1344.8406982421875 0.0 3821.31005859375 2592.99365234375 1688.0316162109375 1256.0167236328125 0.0 0.0 0.0 1668.406494140625 0.0 0.0 0.0
109.88622283935547 1910.48876953125 1873.2626953125 48.326637268066406 2101.563720703125 2213.90478515625 296.0939636230469 1189.635986328125 892.2428588867188
823.9459838867188 883.860595703125 0.0 2178.295166015625 0.0 614.9521484375 0.0 1320.792236328125 

3286.521240234375 5783.7294921875 1948.4171142578125 990.0693359375 3768.84521484375 7712.86962890625 1041.2578125 0.0 2022.7188720703125 0.0 3245.442626953125 0.0 0.0
0.0 0.0 4474.77685546875 

0.0 0.0 0.0 0.0 0.0 1.0 0.0 0.0 0.0 0.0 


------------------------------Prediction:------------------------------
Predicted digit: 5
Confidence: 1.0
All probabilities:
  0: 0.0
  1: 0.0
  2: 0.0
  3: 0.0
  4: 0.0
  5: 1.0
  6: 0.0
  7: 0.0
  8: 0.0
  9: 0.0

