Model loaded: /home/semyon/.local/affine/mnist/mnist-model.zip

============================== Before weight and data transformation ==============================

------------------------------ First hiden layer weights ------------------------------
5.7705078397325956E-39 4.703835244793152E-39 -8.87386489726088E-38 -6.339193992912607E-41 5.253545014169277E-39 1.5848125112127951E-40 3.264153814232014E-39 ...
1.6218250075510065E-39 5.218488730487263E-39 5.335082367912945E-39 -1.9093742550273876E-39 3.201489148205872E-39 6.238678854066588E-38 -6.376859494335194E-39 ...
-1.4172003992979751E-39 -4.3820831043995306E-39 -6.025940447445423E-38 -6.51858822231547E-39 6.97999544922186E-38 2.940001249569004E-39 -3.0647378323708777E-40 ...
-1.0089012631507245E-39 1.8192133105342646E-39 -3.409684264946003E-39 6.607129265783834E-39 -1.697027090937462E-39 -3.546561697642787E-39 1.2848351476563172E-39 ...
7.594393079346919E-38 9.727111048033175E-38 5.365053339467924E-40 4.1890158453608646E-38 9.819183083371944E-38 -1.5450885023461152E-37 4.220814670632709E-39 ...
8.712990228362533E-38 4.936024514878224E-38 4.658123487588412E-39 4.833814925929143E-38 4.01147329174876E-39 1.0827679091006786E-39 5.156722296776754E-40 ...
6.554397003272827E-39 5.1178811059425985E-39 5.3692950699194356E-39 6.684111838999061E-38 -3.012371308759059E-39 -5.437351932436299E-39 1.1696147827256734E-39 ...
...

------------------------------ Neuron activations ------------------------------
0.0 0.0 0.0 0.0 0.0 0.0 0.0 0.0 0.0 0.0 0.0 0.0 0.0 0.0 0.0 0.0 0.0 0.0 0.0 0.0 0.0 0.0 0.0 0.0 0.0 0.0 0.0 0.0 0.0 0.0 0.0 0.0 0.0 0.0 0.0 0.0 0.0 0.0 0.0 0.0
0.0 0.0 0.0 0.0 0.0 0.0 0.0 0.0 0.0 0.0 0.0 0.0 0.0 0.0 0.0 0.0 0.0 0.0 0.0 0.0 0.0 0.0 0.0 0.0 0.0 0.0 0.0 0.0 0.0 0.0 0.0 0.0 0.0 0.0 0.0 0.0 0.0 0.0 0.0 0.0
0.0 0.0 0.0 0.0 0.0 0.0 0.0 0.0 0.0 0.0 0.0 0.0 0.0 0.0 0.0 0.0 0.0 0.0 0.0 0.0 0.0 0.0 0.0 0.0 0.0 0.0 0.0 0.0 0.0 0.0 0.0 0.0 0.0 0.0 0.0 0.0 0.0 0.0 0.0 0.0
0.0 0.0 0.0 0.0 0.0 0.0 0.0 0.0 0.0 0.0 0.0 0.0 0.0 0.0 0.0 0.0 0.0 0.0 0.0 0.0 0.0 0.0 0.0 0.0 0.0 0.0 0.0 0.0 0.0 0.0 0.0 0.0 0.0 0.0 0.0 0.0 0.0 0.0 0.0 0.0
0.0 0.0 0.0 0.0 0.0 0.0 0.0 0.0 0.0 0.0 0.0 0.0 0.0 0.0 0.0 0.0 0.0 109.0 183.0 183.0 183.0 231.0 254.0 254.0 255.0 254.0 254.0 254.0 254.0 204.0 183.0 115.0 0.0
0.0 0.0 0.0 0.0 0.0 0.0 0.0 0.0 0.0 0.0 0.0 160.0 250.0 254.0 254.0 254.0 254.0 254.0 254.0 254.0 254.0 254.0 254.0 254.0 254.0 254.0 244.0 117.0 0.0 0.0 0.0 0.0
0.0 0.0 0.0 0.0 0.0 0.0 0.0 163.0 254.0 254.0 254.0 254.0 254.0 254.0 254.0 254.0 254.0 254.0 254.0 254.0 254.0 254.0 249.0 140.0 0.0 0.0 0.0 0.0 0.0 0.0 0.0 0.0
0.0 0.0 0.0 232.0 254.0 254.0 246.0 214.0 159.0 109.0 109.0 109.0 109.0 109.0 109.0 198.0 214.0 214.0 155.0 0.0 0.0 0.0 0.0 0.0 0.0 0.0 0.0 0.0 0.0 0.0 156.0 251.0
254.0 229.0 113.0 0.0 0.0 0.0 0.0 0.0 0.0 0.0 0.0 0.0 0.0 0.0 0.0 0.0 0.0 0.0 0.0 0.0 0.0 0.0 0.0 0.0 0.0 0.0 173.0 254.0 254.0 246.0 159.0 73.0 0.0 0.0 0.0 0.0
0.0 0.0 0.0 0.0 0.0 0.0 0.0 0.0 0.0 0.0 0.0 0.0 0.0 0.0 0.0 0.0 0.0 0.0 228.0 254.0 254.0 254.0 254.0 228.0 215.0 215.0 170.0 83.0 0.0 0.0 0.0 0.0 0.0 0.0 0.0 0.0
0.0 0.0 0.0 0.0 0.0 0.0 0.0 0.0 0.0 0.0 205.0 254.0 254.0 254.0 254.0 254.0 254.0 254.0 254.0 234.0 102.0 28.0 0.0 0.0 0.0 0.0 0.0 0.0 0.0 0.0 0.0 0.0 0.0 0.0 0.0
0.0 0.0 0.0 117.0 204.0 247.0 252.0 254.0 254.0 254.0 254.0 254.0 254.0 254.0 175.0 28.0 0.0 0.0 0.0 0.0 0.0 0.0 0.0 0.0 0.0 0.0 0.0 0.0 0.0 0.0 0.0 0.0 0.0 0.0
164.0 182.0 234.0 212.0 227.0 254.0 254.0 254.0 254.0 175.0 0.0 0.0 0.0 0.0 0.0 0.0 0.0 0.0 0.0 0.0 0.0 0.0 0.0 0.0 0.0 0.0 0.0 0.0 0.0 0.0 0.0 0.0 0.0 0.0 224.0
254.0 254.0 254.0 126.0 0.0 0.0 0.0 0.0 0.0 0.0 0.0 0.0 0.0 0.0 0.0 0.0 0.0 0.0 0.0 0.0 0.0 0.0 0.0 0.0 0.0 0.0 0.0 42.0 248.0 254.0 254.0 175.0 0.0 0.0 0.0 0.0 0.0
0.0 0.0 0.0 0.0 0.0 0.0 0.0 0.0 0.0 0.0 0.0 0.0 0.0 0.0 0.0 0.0 0.0 0.0 0.0 183.0 254.0 254.0 251.0 132.0 0.0 0.0 0.0 0.0 0.0 0.0 0.0 0.0 0.0 0.0 0.0 0.0 0.0 0.0 0.0
0.0 0.0 0.0 0.0 0.0 0.0 0.0 0.0 173.0 254.0 254.0 244.0 117.0 0.0 0.0 0.0 0.0 0.0 0.0 0.0 0.0 0.0 0.0 0.0 0.0 0.0 0.0 0.0 0.0 0.0 0.0 0.0 0.0 0.0 0.0 0.0 197.0 254.0
254.0 221.0 0.0 0.0 0.0 0.0 0.0 0.0 0.0 0.0 0.0 0.0 0.0 0.0 0.0 0.0 124.0 127.0 53.0 0.0 0.0 0.0 0.0 0.0 95.0 222.0 252.0 254.0 254.0 206.0 0.0 0.0 0.0 0.0 0.0 0.0
0.0 0.0 0.0 0.0 0.0 0.0 0.0 0.0 248.0 254.0 197.0 112.0 112.0 112.0 128.0 215.0 237.0 254.0 254.0 254.0 216.0 73.0 0.0 0.0 0.0 0.0 0.0 0.0 0.0 0.0 0.0 0.0 0.0 0.0
0.0 0.0 242.0 254.0 254.0 254.0 254.0 254.0 254.0 254.0 254.0 254.0 254.0 243.0 104.0 0.0 0.0 0.0 0.0 0.0 0.0 0.0 0.0 0.0 0.0 0.0 0.0 0.0 0.0 0.0 170.0 250.0 254.0
254.0 254.0 254.0 254.0 254.0 254.0 248.0 220.0 59.0 0.0 0.0 0.0 0.0 0.0 0.0 0.0 0.0 0.0 0.0 0.0 0.0 0.0 0.0 0.0 0.0 0.0 117.0 182.0 182.0 238.0 254.0 247.0 182.0
182.0 0.0 0.0 0.0 0.0 0.0 0.0 0.0 0.0 0.0 0.0 0.0 0.0 0.0 0.0 0.0 0.0 0.0 0.0 0.0 0.0 0.0 0.0 0.0 0.0 0.0 0.0 0.0 0.0 0.0 0.0 0.0 0.0 0.0 0.0 0.0 0.0 0.0 0.0 0.0
0.0 0.0 0.0 0.0 0.0 0.0 0.0 0.0 0.0 0.0 0.0 0.0 0.0 0.0 0.0 0.0 0.0 0.0 0.0 0.0 0.0 0.0 0.0 0.0 0.0 0.0 0.0 0.0 0.0 

305.595947265625 85.05939483642578 2086.878662109375 58.38123321533203 1232.9490966796875 927.2637939453125 0.0 111.88948822021484 1411.4512939453125 240.5250701904297
0.0 0.0 336.9051513671875 0.0 651.8197021484375 7.783642292022705 1479.6248779296875 1869.1375732421875 0.0 357.71014404296875 0.0 376.5085144042969 0.0 0.0
470.6658020019531 201.2181854248047 0.0 24.276018142700195 437.0167541503906 0.0 1007.762939453125 1177.138427734375 0.0 375.7987060546875 0.0 39.212432861328125
805.00390625 0.0 0.0 16.271364212036133 0.0 0.0 0.0 146.86793518066406 766.3307495117188 0.0 0.0 0.0 123.1524887084961 0.0 216.12815856933594 984.3834838867188 0.0
1672.56396484375 0.0 242.97572326660156 898.0925903320312 0.0 441.5246276855469 0.0 0.0 0.0 0.0 0.0 

2816.1044921875 2260.4970703125 1344.8408203125 0.0 3821.31005859375 2592.99365234375 1688.0316162109375 1256.0167236328125 0.0 0.0 0.0 1668.406494140625 0.0 0.0 0.0
109.88616180419922 1910.48876953125 1873.262451171875 48.326759338378906 2101.56396484375 2213.90478515625 296.0939636230469 1189.635986328125 892.2428588867188
823.9458618164062 883.8606567382812 0.0 2178.295166015625 0.0 614.9521484375 0.0 1320.792236328125 

3286.521484375 5783.7294921875 1948.4171142578125 990.069580078125 3768.844970703125 7712.86962890625 1041.257568359375 0.0 2022.7188720703125 0.0 3245.442626953125
0.0 0.0 0.0 0.0 4474.77685546875 

0.0 0.0 0.0 0.0 0.0 1.0 0.0 0.0 0.0 0.0 


------------------------------Prediction:------------------------------
Predicted digit: 5
Confidence: 1.0
All probabilities:
  0: 0.0
  1: 0.0
  2: 0.0
  3: 0.0
  4: 0.0
  5: 1.0
  6: 0.0
  7: 0.0
  8: 0.0
  9: 0.0



============================== After weight and data transformation ==============================

------------------------------ First hiden layer weights ------------------------------
5.9164488692351115E-8 5.3907937626272926E-8 7.29293092617851E-8 9.866235629850818E-8 1.3347528790423507E-7 1.8057193391181824E-7 2.442865928863784E-7 ...
1.1321374596596065E-7 1.0315511366463879E-7 1.3955331102699364E-7 1.8879458251494146E-7 2.554105963139533E-7 3.455320160168604E-7 4.674527048436066E-7 ...
-1.5033497244974226E-7 -1.369782532898979E-7 -1.8531091776453787E-7 -2.50697723309835E-7 -3.3915620963354664E-7 -4.5882720040035483E-7 -6.207240022368849E-7 ...
4.39825351425798E-7 4.0074845798812375E-7 5.421522231367179E-7 7.334501909943616E-7 9.922474901186703E-7 1.3423612042584771E-6 1.8160122556548477E-6 ...
4.038537664523693E-8 3.6797281837854097E-8 4.978117259373745E-8 6.734641856774708E-8 9.110954719601707E-8 1.2325747629642583E-7 1.6674877584758882E-7 ...
4.363818618960923E-8 3.9761091006221557E-8 5.379075939951138E-8 7.277078479369124E-8 9.844789660169466E-8 1.3318515627906442E-7 1.8017942958035273E-7 ...
-1.6850631563795485E-7 -1.535351382867322E-7 -2.0770988607078303E-7 -2.8100014923597417E-7 -3.801508217270484E-7 -5.142867277924179E-7 -6.957523784424156E-7 ...
...

------------------------------Neuron activations:------------------------------
2.7181940554815665E-21 2.476692334162776E-21 3.3505911956167966E-21 4.532844554525502E-21 6.13225504274303E-21 8.296016211653163E-21 1.1223258736679406E-20
1.5183376388960817E-20 2.0540818311122725E-20 2.77886292272461E-20 3.7593824288451543E-20 5.0858774395581445E-20 6.88042512827096E-20 9.308177499034522E-20
1.2592560305253352E-19 1.7035834894413016E-19 2.304691528287751E-19 3.1179000462743945E-19 4.218048523734637E-19 5.706383490336602E-19 7.719876230810935E-19
1.0443828235512491E-18 1.4128924473887593E-18 1.911430390151604E-18 2.5858770376665697E-18 3.498301632318862E-18 4.732674497828475E-18 6.402594817860021E-18
8.661745154985244E-18 1.1718034838098134E-17 1.5852733832494706E-17 2.1446357980337783E-17 2.9013687827017386E-17 3.925114381170831E-17 5.31008777551112E-17
7.183747897614558E-17 9.718527459089747E-17 1.3147701912596962E-16 1.7786857763192087E-16 2.406293595574347E-16 3.2553523197809513E-16 4.4040007193610127E-16
5.95794876587656E-16 8.06020610776839E-16 1.0904243230790634E-15 1.4751796523124334E-15 1.995695584313233E-15 2.6998751365666254E-15 3.6525238670401116E-15
4.941313921747894E-15 6.684852491613146E-15 9.043597217725276E-15 1.2234623088401483E-14 1.6551599823780858E-14 2.239181826420907E-14 3.0292752997627465E-14
4.0981526080087585E-14 5.544182398953434E-14 7.500442617191905E-14 1.0146967651065749E-13 1.3727316875376926E-13 1.857098939082713E-13 2.512374778590837E-13
3.398864161333858E-13 4.598150596655508E-13 6.220604268346522E-13 8.415539389144112E-13 1.1384955569446771E-12 1.5402127816724473E-12 2.0836756000993794E-12
2.818898828858603E-12 3.81354497166517E-12 5.159151191247737E-12 6.9795534632257945E-12 9.442283185782293E-12 1.2773985073724288E-11 1.728127524383414E-11
2.3378959058552016E-11 3.16282056126886E-11 4.2788192056505675E-11 5.788597057589391E-11 7.831098787927844E-11 1.0594295580805841E-10 1.4332484098720114E-10
1.9389689373235323E-10 2.623132538651326E-10 3.548702706310162E-10 4.800859549494148E-10 6.494838909155641E-10 8.786537498337514E-10 1.1886860057585025E-9
1.6081128892393036E-9 2.1755342050043165E-9 2.9431696672629874E-9 3.981664673610469E-9 5.3865917923178176E-9 7.287246294087165E-9 9.858545179982312E-9
1.3337124771618148E-8 1.8043118322862896E-8 2.4409617843991432E-8 3.302253150635914E-8 4.467450469966741E-8 6.043786709011913E-8 8.176331898829311E-8
1.1061343912108919E-7 1.496433005116483E-7 2.0244481652455994E-7 2.7387730421297746E-7 3.7051468667200016E-7 5.012504903761404E-7 6.781163153317684E-7
9.17389101752433E-7 1.2410890948736168E-6 1.6790063654253863E-6 2.2714423861939076E-6 3.072918971627067E-6 4.157195913741938E-6 5.624059086752272E-6
7.608503728853679E-6 1.0293158037464664E-5 1.3925090419872357E-5 1.8838547168501736E-5 2.5485713106279265E-5 3.447832610051702E-5 4.664397522393456E-5
6.310226367568333E-5 8.536784572667004E-5 1.1548982016663948E-4 1.5624030861488396E-4 2.1136957353342194E-4 2.859511544221605E-4 3.868487850378189E-4
5.233480619711004E-4 7.08010996963919E-4 9.578320973117956E-4 0.0012958023682892975 0.001753025172550223 0.002371578668784039 0.003208388259507631
0.004340465428888452 0.005871995100202424 0.007943923761565668 0.010746930753976985 0.014538976467721435 0.019669042405501144 0.026609247907396397
0.03599829923592248 0.048700269635159894 0.06588411988560165 0.08913127762164337 0.12058117592313226 0.16312814507973242 0.22068777745307477 0.2985572789623348
0.4039029702963344 0.5464198025290232 0.7392235822796736 1.0000580177900278 1.3529276702210806 1.8303070904773786 2.476129448150276 3.3498296957358455
4.531814360035302 6.130861344970791 8.29413074876357 11.2207079897536 15.179925613071537 20.53614993178745 27.78231361408624 37.58528021636133 50.84721555465262
68.78861391422694 93.06061998920198 125.89698352656491 170.3196310418657 230.41677334641034 311.7191430876263 274.24842667912145 232.44535929138766
249.8921138167274 273.4949413857205 240.48924664612343 212.72198839184773 198.15707580667424 177.1000965650209 150.9660286265946 114.61057622247411
65.42713221626117 -1.1106497214520281 -23.483774469812737 -75.34140516090791 -74.50321406354875 14.208387879609194 19.22180590485815 26.004204373832327
35.17976658713071 47.592918411700886 64.38604068997499 87.10460240891456 117.83939002163895 159.41892226869047 215.6697584113759 291.76865601202485
394.71898729855917 317.53938970885326 251.3706080462003 246.44282924903337 243.776287739623 240.16885924277793 235.2885525556607 228.68623365144668
219.75429192983123 207.67072188788487 191.3234740542737 169.2081132125813 139.28936541255953 98.81381195770565 44.05649261977714 -30.021901994893696
-116.71030566282546 -72.17479558416058 19.358386912245017 26.18897787780235 35.42973727062881 47.931091046120684 64.84353726145302 87.72352627090378
118.67670066137133 160.55167728181243 217.20220510303997 293.8418252636176 397.5236726224464 317.275158409256 248.6017462253661 246.69697680268888
244.12011104941396 240.6340003258033 235.9178182888351 229.53753528314104 220.90597464496886 209.22877490571716 193.43128480324893 172.05966325782742
143.14708255557014 104.03272143477666 51.11689003103107 -20.47024914024071 -110.55260582666088 -89.95988756530016 18.297839793304952 24.754217576636993
33.488722972407466 45.305191442654106 61.29109113377404 82.91760243687703 112.17501053903395 151.7558711253339 205.30280594888066 277.7437328646947
375.7453815064892 194.46582162940794 151.459235555709 115.27781081254142 77.15259343211359 60.86609811615914 81.2396312177912 121.44440783146905
125.83540694160546 131.77576649109204 139.81217704187455 150.68422847288784 165.39247434605167 64.88693562783577 -3.727486997574575 -80.55245244438089
-104.66694234868795 13.401412776127323 18.13009029710491 24.527277808106124 33.18170769243656 44.889846072621246 60.72919149013393 82.15743696422976
111.14662130201356 150.36461558838297 203.4206470352922 275.1974557201205 161.2561803364914 34.590147077262884 -45.82843980821338 -117.80142968294105
-83.23952509743027 0.3894766533229889 0.5269031714282094 0.7128205238809835 0.9643386618620692 1.3046047688116171 1.7649334928868081 2.3876888301972996
3.230182878179751 4.369950260907085 5.9118836310478455 7.9978869278472535 10.819934779279878 14.63773990355495 19.802654438771505 26.790004837164787
36.24283610030191 49.031091131835794 66.33167147640422 89.7367474246717 121.40028525021964 164.23627646195135 222.1869120858408 300.5853820223328
172.6037795639005 62.88318985455604 -4.552220061745107 -84.95936568354992 -84.04022803820655 -53.45174387005099 0.6878520876520704 0.930560133361396
1.2589075141974273 1.7031119994125612 2.304053673388566 3.117037124796497 4.216881121120084 5.704804170665726 7.717739649487808 10.440937763219551
14.125014100813676 19.109013756505977 25.851613608322 34.97333429499692 47.31364665437614 64.00822812182935 86.59347898556445 117.14791711702021
158.48346371606152 214.4042240746846 290.0565789212295 392.402805208637 222.41220036439088 185.2664711364898 161.01390177654008 128.20383318317863
83.81675876133203 58.94182019056445 16.87681927184752 -53.03078276565374 -86.72701178030455 -59.61504886382095 2.3498299751851035 3.1789655571866384
4.3006609501535875 5.8181456437497605 7.871073568511696 10.64837542997542 14.405645978372442 19.488666362196167 26.365226324957042 35.66817483799716
48.25366111383106 65.27992591333836 88.31389430116145 119.47537956753587 161.63216938582025 218.66394796091726 295.8193428915853 400.1989557256607
264.0747473662616 218.62961372223504 206.14920189596094 189.26508697947426 166.4234259444608 135.5221035228163 93.71727479592563 37.1616464950298
-39.34958892719907 -115.80076747988552 -60.65158988485138 -17.932230761324742 3.7403963028075933 5.060192074499739 6.84567670319054 9.26116812062687
12.528963706179871 16.949798287448345 22.930520729617825 31.021536186705198 41.96745982048609 56.77564364265548 76.8088829971142 103.91083444859457
140.5756872705583 190.17770337862092 257.2817502414697 348.0634050750413 312.59393829204964 263.9112204692526 226.87833075987075 213.01417034561624
196.55235392350406 176.28199906070125 148.8592660879783 111.76044424775333 61.57133350879938 -6.326963844562289 -98.18311980365479 -115.57555986245329
-19.236078557374558 1.9764868799015565 2.673888656537112 3.6173680788176767 4.893753442447232 6.620510336147966 8.956551985406778 12.116864017158038
...

305.5959777832031 85.05938720703125 2086.878662109375 58.38127136230469 1232.948974609375 927.2637939453125 0.0 111.88949584960938 1411.4512939453125
240.52513122558594 0.0 0.0 336.9051513671875 0.0 651.8197021484375 7.783619403839111 1479.6248779296875 1869.1375732421875 0.0 357.710205078125 0.0
376.508544921875 0.0 0.0 470.665771484375 201.21812438964844 0.0 24.27604866027832 437.0167541503906 0.0 1007.762939453125 1177.138427734375 0.0 375.7986755371094
0.0 39.2124137878418 805.0039672851562 0.0 0.0 16.271352767944336 0.0 0.0 0.0 146.86793518066406 766.3307495117188 0.0 0.0 0.0 123.15250396728516 0.0
216.1281280517578 984.3834228515625 0.0 1672.5640869140625 0.0 242.9756317138672 898.092529296875 0.0 441.5246276855469 0.0 0.0 0.0 0.0 0.0 

2816.104248046875 2260.4970703125 1344.8406982421875 0.0 3821.31005859375 2592.99365234375 1688.0316162109375 1256.0164794921875 0.0 0.0 0.0 1668.406494140625
0.0 0.0 0.0 109.88619232177734 1910.4888916015625 1873.262451171875 48.32678985595703 2101.563720703125 2213.90478515625 296.0939025878906 1189.635986328125
892.242919921875 823.9459838867188 883.860595703125 0.0 2178.295166015625 0.0 614.9522705078125 0.0 1320.792236328125 

3286.521484375 5783.7294921875 1948.4171142578125 990.0693359375 3768.844970703125 7712.86962890625 1041.2579345703125 0.0 2022.7188720703125 0.0 3245.4423828125
0.0 0.0 0.0 0.0 4474.77685546875 

0.0 0.0 0.0 0.0 0.0 1.0 0.0 0.0 0.0 0.0 


------------------------------Prediction:------------------------------
Predicted digit: 5
Confidence: 1.0
All probabilities:
  0: 0.0
  1: 0.0
  2: 0.0
  3: 0.0
  4: 0.0
  5: 1.0
  6: 0.0
  7: 0.0
  8: 0.0
  9: 0.0

