Model loaded: /home/semyon/.local/affine/mnist/mnist-model.zip

============================== Before weight and data transformation ==============================

------------------------------ First hiden layer weights ------------------------------
5.7705078397325956E-39 4.703835244793152E-39 -8.87386489726088E-38 -6.339193992912607E-41 5.253545014169277E-39 1.5848125112127951E-40 3.264153814232014E-39 ...
1.6218250075510065E-39 5.218488730487263E-39 5.335082367912945E-39 -1.9093742550273876E-39 3.201489148205872E-39 6.238678854066588E-38 -6.376859494335194E-39 ...
-1.4172003992979751E-39 -4.3820831043995306E-39 -6.025940447445423E-38 -6.51858822231547E-39 6.97999544922186E-38 2.940001249569004E-39 -3.0647378323708777E-40 ...
-1.0089012631507245E-39 1.8192133105342646E-39 -3.409684264946003E-39 6.607129265783834E-39 -1.697027090937462E-39 -3.546561697642787E-39 1.2848351476563172E-39 ...
7.594393079346919E-38 9.727111048033175E-38 5.365053339467924E-40 4.1890158453608646E-38 9.819183083371944E-38 -1.5450885023461152E-37 4.220814670632709E-39 ...
8.712990228362533E-38 4.936024514878224E-38 4.658123487588412E-39 4.833814925929143E-38 4.01147329174876E-39 1.0827679091006786E-39 5.156722296776754E-40 ...
6.554397003272827E-39 5.1178811059425985E-39 5.3692950699194356E-39 6.684111838999061E-38 -3.012371308759059E-39 -5.437351932436299E-39 1.1696147827256734E-39 ...
...

------------------------------ Neuron activations ------------------------------
0.0 0.0 0.0 0.0 0.0 0.0 0.0 0.0 0.0 0.0 0.0 0.0 0.0 0.0 0.0 0.0 0.0 0.0 0.0 0.0 0.0 0.0 0.0 0.0 0.0 0.0 0.0 0.0 0.0 0.0 0.0 0.0 0.0 0.0 0.0 0.0 0.0 0.0 0.0 0.0
0.0 0.0 0.0 0.0 0.0 0.0 0.0 0.0 0.0 0.0 0.0 0.0 0.0 0.0 0.0 0.0 0.0 0.0 0.0 0.0 0.0 0.0 0.0 0.0 0.0 0.0 0.0 0.0 0.0 0.0 0.0 0.0 0.0 0.0 0.0 0.0 0.0 0.0 0.0 0.0
0.0 0.0 0.0 0.0 0.0 0.0 0.0 0.0 0.0 0.0 0.0 0.0 0.0 0.0 0.0 0.0 0.0 0.0 0.0 0.0 0.0 0.0 0.0 0.0 0.0 0.0 0.0 0.0 0.0 0.0 0.0 0.0 0.0 0.0 0.0 0.0 0.0 0.0 0.0 0.0
0.0 0.0 0.0 0.0 0.0 0.0 0.0 0.0 0.0 0.0 0.0 0.0 0.0 0.0 0.0 0.0 0.0 0.0 0.0 0.0 0.0 0.0 0.0 0.0 0.0 0.0 0.0 0.0 0.0 0.0 0.0 0.0 0.0 0.0 0.0 0.0 0.0 0.0 0.0 0.0
0.0 0.0 0.0 0.0 0.0 0.0 0.0 0.0 0.0 0.0 0.0 0.0 0.0 0.0 0.0 0.0 0.0 109.0 183.0 183.0 183.0 231.0 254.0 254.0 255.0 254.0 254.0 254.0 254.0 204.0 183.0 115.0 0.0
0.0 0.0 0.0 0.0 0.0 0.0 0.0 0.0 0.0 0.0 0.0 160.0 250.0 254.0 254.0 254.0 254.0 254.0 254.0 254.0 254.0 254.0 254.0 254.0 254.0 254.0 244.0 117.0 0.0 0.0 0.0 0.0
0.0 0.0 0.0 0.0 0.0 0.0 0.0 163.0 254.0 254.0 254.0 254.0 254.0 254.0 254.0 254.0 254.0 254.0 254.0 254.0 254.0 254.0 249.0 140.0 0.0 0.0 0.0 0.0 0.0 0.0 0.0 0.0
0.0 0.0 0.0 232.0 254.0 254.0 246.0 214.0 159.0 109.0 109.0 109.0 109.0 109.0 109.0 198.0 214.0 214.0 155.0 0.0 0.0 0.0 0.0 0.0 0.0 0.0 0.0 0.0 0.0 0.0 156.0 251.0
254.0 229.0 113.0 0.0 0.0 0.0 0.0 0.0 0.0 0.0 0.0 0.0 0.0 0.0 0.0 0.0 0.0 0.0 0.0 0.0 0.0 0.0 0.0 0.0 0.0 0.0 173.0 254.0 254.0 246.0 159.0 73.0 0.0 0.0 0.0 0.0
0.0 0.0 0.0 0.0 0.0 0.0 0.0 0.0 0.0 0.0 0.0 0.0 0.0 0.0 0.0 0.0 0.0 0.0 228.0 254.0 254.0 254.0 254.0 228.0 215.0 215.0 170.0 83.0 0.0 0.0 0.0 0.0 0.0 0.0 0.0 0.0
0.0 0.0 0.0 0.0 0.0 0.0 0.0 0.0 0.0 0.0 205.0 254.0 254.0 254.0 254.0 254.0 254.0 254.0 254.0 234.0 102.0 28.0 0.0 0.0 0.0 0.0 0.0 0.0 0.0 0.0 0.0 0.0 0.0 0.0 0.0
0.0 0.0 0.0 117.0 204.0 247.0 252.0 254.0 254.0 254.0 254.0 254.0 254.0 254.0 175.0 28.0 0.0 0.0 0.0 0.0 0.0 0.0 0.0 0.0 0.0 0.0 0.0 0.0 0.0 0.0 0.0 0.0 0.0 0.0
164.0 182.0 234.0 212.0 227.0 254.0 254.0 254.0 254.0 175.0 0.0 0.0 0.0 0.0 0.0 0.0 0.0 0.0 0.0 0.0 0.0 0.0 0.0 0.0 0.0 0.0 0.0 0.0 0.0 0.0 0.0 0.0 0.0 0.0 224.0
254.0 254.0 254.0 126.0 0.0 0.0 0.0 0.0 0.0 0.0 0.0 0.0 0.0 0.0 0.0 0.0 0.0 0.0 0.0 0.0 0.0 0.0 0.0 0.0 0.0 0.0 0.0 42.0 248.0 254.0 254.0 175.0 0.0 0.0 0.0 0.0
0.0 0.0 0.0 0.0 0.0 0.0 0.0 0.0 0.0 0.0 0.0 0.0 0.0 0.0 0.0 0.0 0.0 0.0 0.0 0.0 183.0 254.0 254.0 251.0 132.0 0.0 0.0 0.0 0.0 0.0 0.0 0.0 0.0 0.0 0.0 0.0 0.0 0.0
0.0 0.0 0.0 0.0 0.0 0.0 0.0 0.0 0.0 0.0 173.0 254.0 254.0 244.0 117.0 0.0 0.0 0.0 0.0 0.0 0.0 0.0 0.0 0.0 0.0 0.0 0.0 0.0 0.0 0.0 0.0 0.0 0.0 0.0 0.0 0.0 0.0 0.0
197.0 254.0 254.0 221.0 0.0 0.0 0.0 0.0 0.0 0.0 0.0 0.0 0.0 0.0 0.0 0.0 0.0 0.0 124.0 127.0 53.0 0.0 0.0 0.0 0.0 0.0 95.0 222.0 252.0 254.0 254.0 206.0 0.0 0.0
0.0 0.0 0.0 0.0 0.0 0.0 0.0 0.0 0.0 0.0 0.0 0.0 248.0 254.0 197.0 112.0 112.0 112.0 128.0 215.0 237.0 254.0 254.0 254.0 216.0 73.0 0.0 0.0 0.0 0.0 0.0 0.0 0.0
0.0 0.0 0.0 0.0 0.0 0.0 0.0 242.0 254.0 254.0 254.0 254.0 254.0 254.0 254.0 254.0 254.0 254.0 243.0 104.0 0.0 0.0 0.0 0.0 0.0 0.0 0.0 0.0 0.0 0.0 0.0 0.0 0.0 0.0
0.0 170.0 250.0 254.0 254.0 254.0 254.0 254.0 254.0 254.0 248.0 220.0 59.0 0.0 0.0 0.0 0.0 0.0 0.0 0.0 0.0 0.0 0.0 0.0 0.0 0.0 0.0 0.0 0.0 0.0 117.0 182.0 182.0
238.0 254.0 247.0 182.0 182.0 0.0 0.0 0.0 0.0 0.0 0.0 0.0 0.0 0.0 0.0 0.0 0.0 0.0 0.0 0.0 0.0 0.0 0.0 0.0 0.0 0.0 0.0 0.0 0.0 0.0 0.0 0.0 0.0 0.0 0.0 0.0 0.0 0.0
0.0 0.0 0.0 0.0 0.0 0.0 0.0 0.0 0.0 0.0 0.0 0.0 0.0 0.0 0.0 0.0 0.0 0.0 0.0 0.0 0.0 0.0 0.0 0.0 0.0 0.0 0.0 0.0 0.0 0.0 0.0 0.0 0.0 0.0 0.0 

305.595947265625 85.05939483642578 2086.878662109375 58.38123321533203 1232.9490966796875 927.2637939453125 0.0 111.88948822021484 1411.4512939453125 240.5250701904297
0.0 0.0 336.9051513671875 0.0 651.8197021484375 7.783642292022705 1479.6248779296875 1869.1375732421875 0.0 357.71014404296875 0.0 376.5085144042969 0.0 0.0
470.6658020019531 201.2181854248047 0.0 24.276018142700195 437.0167541503906 0.0 1007.762939453125 1177.138427734375 0.0 375.7987060546875 0.0 39.212432861328125
805.00390625 0.0 0.0 16.271364212036133 0.0 0.0 0.0 146.86793518066406 766.3307495117188 0.0 0.0 0.0 123.1524887084961 0.0 216.12815856933594 984.3834838867188
0.0 1672.56396484375 0.0 242.97572326660156 898.0925903320312 0.0 441.5246276855469 0.0 0.0 0.0 0.0 0.0 

2816.1044921875 2260.4970703125 1344.8408203125 0.0 3821.31005859375 2592.99365234375 1688.0316162109375 1256.0167236328125 0.0 0.0 0.0 1668.406494140625 0.0 0.0 0.0
109.88616180419922 1910.48876953125 1873.262451171875 48.326759338378906 2101.56396484375 2213.90478515625 296.0939636230469 1189.635986328125 892.2428588867188
823.9458618164062 883.8606567382812 0.0 2178.295166015625 0.0 614.9521484375 0.0 1320.792236328125 

3286.521484375 5783.7294921875 1948.4171142578125 990.069580078125 3768.844970703125 7712.86962890625 1041.257568359375 0.0 2022.7188720703125 0.0 3245.442626953125
0.0 0.0 0.0 0.0 4474.77685546875 

0.0 0.0 0.0 0.0 0.0 1.0 0.0 0.0 0.0 0.0 


------------------------------Prediction:------------------------------
Predicted digit: 5
Confidence: 1.0
All probabilities:
  0: 0.0
  1: 0.0
  2: 0.0
  3: 0.0
  4: 0.0
  5: 1.0
  6: 0.0
  7: 0.0
  8: 0.0
  9: 0.0



============================== After weight and data transformation ==============================

------------------------------ First hiden layer weights ------------------------------
2.885253919866298E-40 2.351917622396576E-40 -4.43693244863044E-39 -3.169596996456304E-42 2.6267725070846385E-40 7.924062556063976E-42 1.632076907116007E-40 ...
8.109125037755033E-41 2.609244365243632E-40 2.6675411839564727E-40 -9.546871275136938E-41 1.6007445741029363E-40 3.119339427033294E-39 -3.1884297471675973E-40 ...
-7.086001996489876E-41 -2.1910415521997655E-40 -3.0129702237227116E-39 -3.2592941111577353E-40 3.48999772461093E-39 1.470000624784502E-40 -1.532368916185439E-41 ...
-5.044506315753623E-41 9.096066552671323E-41 -1.7048421324730017E-40 3.303564632891917E-40 -8.485135454687311E-41 -1.7732808488213936E-40 6.424175738281587E-41 ...
3.7971965396734596E-39 4.8635555240165877E-39 2.6825266697339624E-41 2.0945079226804324E-39 4.909591541685972E-39 -7.725442511730576E-39 2.1104073353163547E-40 ...
4.356495114181267E-39 2.468012257439112E-39 2.3290617437942063E-40 2.4169074629645717E-39 2.00573664587438E-40 5.413839545503394E-41 2.578361148388377E-41 ...
3.2771985016364136E-40 2.5589405529712994E-40 2.684647534959718E-40 3.342055919499531E-39 -1.5061856543795296E-40 -2.7186759662181497E-40 5.848073913628367E-41 ...
...

------------------------------Neuron activations:------------------------------
0.0 0.0 0.0 0.0 0.0 0.0 0.0 0.0 0.0 0.0 0.0 0.0 0.0 0.0 0.0 0.0 0.0 0.0 0.0 0.0 0.0 0.0 0.0 0.0 0.0 0.0 0.0 0.0 0.0 0.0 0.0 0.0 0.0 0.0 0.0 0.0 0.0 0.0 0.0 0.0 0.0
0.0 0.0 0.0 0.0 0.0 0.0 0.0 0.0 0.0 0.0 0.0 0.0 0.0 0.0 0.0 0.0 0.0 0.0 0.0 0.0 0.0 0.0 0.0 0.0 0.0 0.0 0.0 0.0 0.0 0.0 0.0 0.0 0.0 0.0 0.0 0.0 0.0 0.0 0.0 0.0 0.0
0.0 0.0 0.0 0.0 0.0 0.0 0.0 0.0 0.0 0.0 0.0 0.0 0.0 0.0 0.0 0.0 0.0 0.0 0.0 0.0 0.0 0.0 0.0 0.0 0.0 0.0 0.0 0.0 0.0 0.0 0.0 0.0 0.0 0.0 0.0 0.0 0.0 0.0 0.0 0.0 0.0
0.0 0.0 0.0 0.0 0.0 0.0 0.0 0.0 0.0 0.0 0.0 0.0 0.0 0.0 0.0 0.0 0.0 0.0 0.0 0.0 0.0 0.0 0.0 0.0 0.0 0.0 0.0 0.0 0.0 0.0 0.0 0.0 0.0 0.0 0.0 0.0 0.0 0.0 0.0 0.0 0.0
0.0 0.0 0.0 0.0 0.0 0.0 0.0 0.0 0.0 0.0 0.0 0.0 0.0 2180.0 3660.0 3660.0 3660.0 4620.0 5080.0 5080.0 5100.0 5080.0 5080.0 5080.0 5080.0 4080.0 3660.0 2300.0 0.0 0.0
0.0 0.0 0.0 0.0 0.0 0.0 0.0 0.0 0.0 0.0 3200.0 5000.0 5080.0 5080.0 5080.0 5080.0 5080.0 5080.0 5080.0 5080.0 5080.0 5080.0 5080.0 5080.0 5080.0 4880.0 2340.0 0.0
0.0 0.0 0.0 0.0 0.0 0.0 0.0 0.0 0.0 0.0 3260.0 5080.0 5080.0 5080.0 5080.0 5080.0 5080.0 5080.0 5080.0 5080.0 5080.0 5080.0 5080.0 5080.0 5080.0 4980.0 2800.0 0.0
0.0 0.0 0.0 0.0 0.0 0.0 0.0 0.0 0.0 0.0 4640.0 5080.0 5080.0 4920.0 4280.0 3180.0 2180.0 2180.0 2180.0 2180.0 2180.0 2180.0 3960.0 4280.0 4280.0 3100.0 0.0 0.0 0.0
0.0 0.0 0.0 0.0 0.0 0.0 0.0 0.0 3120.0 5020.0 5080.0 4580.0 2260.0 0.0 0.0 0.0 0.0 0.0 0.0 0.0 0.0 0.0 0.0 0.0 0.0 0.0 0.0 0.0 0.0 0.0 0.0 0.0 0.0 0.0 0.0 0.0 3460.0
5080.0 5080.0 4920.0 3180.0 1460.0 0.0 0.0 0.0 0.0 0.0 0.0 0.0 0.0 0.0 0.0 0.0 0.0 0.0 0.0 0.0 0.0 0.0 0.0 0.0 0.0 0.0 0.0 4560.0 5080.0 5080.0 5080.0 5080.0 4560.0
4300.0 4300.0 3400.0 1660.0 0.0 0.0 0.0 0.0 0.0 0.0 0.0 0.0 0.0 0.0 0.0 0.0 0.0 0.0 0.0 0.0 0.0 0.0 4100.0 5080.0 5080.0 5080.0 5080.0 5080.0 5080.0 5080.0 5080.0
4680.0 2040.0 560.0 0.0 0.0 0.0 0.0 0.0 0.0 0.0 0.0 0.0 0.0 0.0 0.0 0.0 0.0 0.0 0.0 2340.0 4080.0 4940.0 5040.0 5080.0 5080.0 5080.0 5080.0 5080.0 5080.0 5080.0
3500.0 560.0 0.0 0.0 0.0 0.0 0.0 0.0 0.0 0.0 0.0 0.0 0.0 0.0 0.0 0.0 0.0 0.0 0.0 0.0 3280.0 3640.0 4680.0 4240.0 4540.0 5080.0 5080.0 5080.0 5080.0 3500.0 0.0 0.0
0.0 0.0 0.0 0.0 0.0 0.0 0.0 0.0 0.0 0.0 0.0 0.0 0.0 0.0 0.0 0.0 0.0 0.0 0.0 0.0 0.0 0.0 4480.0 5080.0 5080.0 5080.0 2520.0 0.0 0.0 0.0 0.0 0.0 0.0 0.0 0.0 0.0 0.0
0.0 0.0 0.0 0.0 0.0 0.0 0.0 0.0 0.0 0.0 0.0 0.0 0.0 840.0 4960.0 5080.0 5080.0 3500.0 0.0 0.0 0.0 0.0 0.0 0.0 0.0 0.0 0.0 0.0 0.0 0.0 0.0 0.0 0.0 0.0 0.0 0.0 0.0
0.0 0.0 0.0 0.0 0.0 3660.0 5080.0 5080.0 5020.0 2640.0 0.0 0.0 0.0 0.0 0.0 0.0 0.0 0.0 0.0 0.0 0.0 0.0 0.0 0.0 0.0 0.0 0.0 0.0 0.0 0.0 0.0 0.0 0.0 3460.0 5080.0
5080.0 4880.0 2340.0 0.0 0.0 0.0 0.0 0.0 0.0 0.0 0.0 0.0 0.0 0.0 0.0 0.0 0.0 0.0 0.0 0.0 0.0 0.0 0.0 0.0 0.0 0.0 3940.0 5080.0 5080.0 4420.0 0.0 0.0 0.0 0.0 0.0
0.0 0.0 0.0 0.0 0.0 0.0 0.0 0.0 0.0 2480.0 2540.0 1060.0 0.0 0.0 0.0 0.0 0.0 1900.0 4440.0 5040.0 5080.0 5080.0 4120.0 0.0 0.0 0.0 0.0 0.0 0.0 0.0 0.0 0.0 0.0 0.0
0.0 0.0 0.0 4960.0 5080.0 3940.0 2240.0 2240.0 2240.0 2560.0 4300.0 4740.0 5080.0 5080.0 5080.0 4320.0 1460.0 0.0 0.0 0.0 0.0 0.0 0.0 0.0 0.0 0.0 0.0 0.0 0.0 0.0
0.0 4840.0 5080.0 5080.0 5080.0 5080.0 5080.0 5080.0 5080.0 5080.0 5080.0 5080.0 4860.0 2080.0 0.0 0.0 0.0 0.0 0.0 0.0 0.0 0.0 0.0 0.0 0.0 0.0 0.0 0.0 0.0 3400.0
5000.0 5080.0 5080.0 5080.0 5080.0 5080.0 5080.0 5080.0 4960.0 4400.0 1180.0 0.0 0.0 0.0 0.0 0.0 0.0 0.0 0.0 0.0 0.0 0.0 0.0 0.0 0.0 0.0 0.0 0.0 2340.0 3640.0
3640.0 4760.0 5080.0 4940.0 3640.0 3640.0 0.0 0.0 0.0 0.0 0.0 0.0 0.0 0.0 0.0 0.0 0.0 0.0 0.0 0.0 0.0 0.0 0.0 0.0 0.0 0.0 0.0 0.0 0.0 0.0 0.0 0.0 0.0 0.0 0.0 0.0
0.0 0.0 0.0 0.0 0.0 0.0 0.0 0.0 0.0 0.0 0.0 0.0 0.0 0.0 0.0 0.0 0.0 0.0 0.0 0.0 0.0 0.0 0.0 0.0 0.0 0.0 0.0 0.0 0.0 0.0 0.0 0.0 0.0 0.0 0.0 0.0 0.0 0.0 

305.595947265625 85.05940246582031 2086.878662109375 58.381256103515625 1232.9490966796875 927.2637329101562 0.0 111.88949584960938 1411.4512939453125 240.52508544921875
0.0 0.0 336.9051513671875 0.0 651.8197021484375 7.783634662628174 1479.6248779296875 1869.1376953125 0.0 357.71014404296875 0.0 376.5085144042969 0.0 0.0 470.6658020019531
201.2181396484375 0.0 24.275972366333008 437.0167541503906 0.0 1007.762939453125 1177.138427734375 0.0 375.7987365722656 0.0 39.212406158447266 805.0039672851562 0.0
0.0 16.271387100219727 0.0 0.0 0.0 146.86793518066406 766.3307495117188 0.0 0.0 0.0 123.1524887084961 0.0 216.12815856933594 984.3833618164062 0.0 1672.5640869140625
0.0 242.9757080078125 898.0925903320312 0.0 441.5246276855469 0.0 0.0 0.0 0.0 0.0 

2816.104248046875 2260.4970703125 1344.8408203125 0.0 3821.309814453125 2592.99365234375 1688.0316162109375 1256.0166015625 0.0 0.0 0.0 1668.406494140625 0.0 0.0 0.0
109.88622283935547 1910.48876953125 1873.2626953125 48.326759338378906 2101.563720703125 2213.90478515625 296.0939636230469 1189.635986328125 892.2428588867188
823.9459838867188 883.8606567382812 0.0 2178.295166015625 0.0 614.9522094726562 0.0 1320.792236328125 

3286.521728515625 5783.7294921875 1948.4168701171875 990.0693359375 3768.844970703125 7712.86962890625 1041.2579345703125 0.0 2022.7186279296875 0.0 3245.4423828125
0.0 0.0 0.0 0.0 4474.77685546875 

0.0 0.0 0.0 0.0 0.0 1.0 0.0 0.0 0.0 0.0 


------------------------------Prediction:------------------------------
Predicted digit: 5
Confidence: 1.0
All probabilities:
  0: 0.0
  1: 0.0
  2: 0.0
  3: 0.0
  4: 0.0
  5: 1.0
  6: 0.0
  7: 0.0
  8: 0.0
  9: 0.0

